have_header: checking for hello.h... -------------------- yes

"clang -o conftest -I/Users/koji/.rbenv/versions/2.5.1/include/ruby-2.5.0/x86_64-darwin18 -I/Users/koji/.rbenv/versions/2.5.1/include/ruby-2.5.0/ruby/backward -I/Users/koji/.rbenv/versions/2.5.1/include/ruby-2.5.0 -I. -I/Users/koji/.rbenv/versions/2.5.1/include  -D_XOPEN_SOURCE -D_DARWIN_C_SOURCE -D_DARWIN_UNLIMITED_SELECT -D_REENTRANT    -O3 -Wno-error=shorten-64-to-32  -pipe conftest.c  -L. -L/Users/koji/.rbenv/versions/2.5.1/lib -L. -L/Users/koji/.rbenv/versions/2.5.1/lib  -fstack-protector -L/usr/local/lib     -lruby.2.5.1-static -framework Foundation  -lpthread -ldl -lobjc "
checked program was:
/* begin */
1: #include "ruby.h"
2: 
3: int main(int argc, char **argv)
4: {
5:   return 0;
6: }
/* end */

"clang -E -I/Users/koji/.rbenv/versions/2.5.1/include/ruby-2.5.0/x86_64-darwin18 -I/Users/koji/.rbenv/versions/2.5.1/include/ruby-2.5.0/ruby/backward -I/Users/koji/.rbenv/versions/2.5.1/include/ruby-2.5.0 -I. -I/Users/koji/.rbenv/versions/2.5.1/include  -D_XOPEN_SOURCE -D_DARWIN_C_SOURCE -D_DARWIN_UNLIMITED_SELECT -D_REENTRANT    -O3 -Wno-error=shorten-64-to-32  -pipe  conftest.c -o conftest.i"
checked program was:
/* begin */
1: #include "ruby.h"
2: 
3: #include <hello.h>
/* end */

--------------------

have_library: checking for hello_new() in -lhello... -------------------- no

"clang -o conftest -I/Users/koji/.rbenv/versions/2.5.1/include/ruby-2.5.0/x86_64-darwin18 -I/Users/koji/.rbenv/versions/2.5.1/include/ruby-2.5.0/ruby/backward -I/Users/koji/.rbenv/versions/2.5.1/include/ruby-2.5.0 -I. -I/Users/koji/.rbenv/versions/2.5.1/include  -D_XOPEN_SOURCE -D_DARWIN_C_SOURCE -D_DARWIN_UNLIMITED_SELECT -D_REENTRANT    -O3 -Wno-error=shorten-64-to-32  -pipe conftest.c  -L. -L/Users/koji/.rbenv/versions/2.5.1/lib -L. -L/Users/koji/.rbenv/versions/2.5.1/lib  -fstack-protector -L/usr/local/lib     -lruby.2.5.1-static -framework Foundation -lhello  -lpthread -ldl -lobjc "
conftest.c:13:57: error: use of undeclared identifier 'hello_new'
int t(void) { void ((*volatile p)()); p = (void ((*)()))hello_new; return !p; }
                                                        ^
1 error generated.
checked program was:
/* begin */
 1: #include "ruby.h"
 2: 
 3: /*top*/
 4: extern int t(void);
 5: int main(int argc, char **argv)
 6: {
 7:   if (argc > 1000000) {
 8:     printf("%p", &t);
 9:   }
10: 
11:   return 0;
12: }
13: int t(void) { void ((*volatile p)()); p = (void ((*)()))hello_new; return !p; }
/* end */

"clang -o conftest -I/Users/koji/.rbenv/versions/2.5.1/include/ruby-2.5.0/x86_64-darwin18 -I/Users/koji/.rbenv/versions/2.5.1/include/ruby-2.5.0/ruby/backward -I/Users/koji/.rbenv/versions/2.5.1/include/ruby-2.5.0 -I. -I/Users/koji/.rbenv/versions/2.5.1/include  -D_XOPEN_SOURCE -D_DARWIN_C_SOURCE -D_DARWIN_UNLIMITED_SELECT -D_REENTRANT    -O3 -Wno-error=shorten-64-to-32  -pipe conftest.c  -L. -L/Users/koji/.rbenv/versions/2.5.1/lib -L. -L/Users/koji/.rbenv/versions/2.5.1/lib  -fstack-protector -L/usr/local/lib     -lruby.2.5.1-static -framework Foundation -lhello  -lpthread -ldl -lobjc "
ld: library not found for -lhello
clang: error: linker command failed with exit code 1 (use -v to see invocation)
checked program was:
/* begin */
 1: #include "ruby.h"
 2: 
 3: /*top*/
 4: extern int t(void);
 5: int main(int argc, char **argv)
 6: {
 7:   if (argc > 1000000) {
 8:     printf("%p", &t);
 9:   }
10: 
11:   return 0;
12: }
13: extern void hello_new();
14: int t(void) { hello_new(); return 0; }
/* end */

--------------------

